0 info it worked if it ends with ok
1 verbose cli [ '/Users/davidmiranda/.nvm/versions/node/v6.10.0/bin/node',
1 verbose cli   '/Users/davidmiranda/.nvm/versions/node/v6.10.0/bin/npm',
1 verbose cli   'run',
1 verbose cli   'dev' ]
2 info using npm@3.10.10
3 info using node@v6.10.0
4 verbose run-script [ 'predev', 'dev', 'postdev' ]
5 info lifecycle task-fellow@1.0.0~predev: task-fellow@1.0.0
6 silly lifecycle task-fellow@1.0.0~predev: no script for predev, continuing
7 info lifecycle task-fellow@1.0.0~dev: task-fellow@1.0.0
8 verbose lifecycle task-fellow@1.0.0~dev: unsafe-perm in lifecycle true
9 verbose lifecycle task-fellow@1.0.0~dev: PATH: /Users/davidmiranda/.nvm/versions/node/v6.10.0/lib/node_modules/npm/bin/node-gyp-bin:/Users/davidmiranda/GitHub/task-fellow/node_modules/.bin:/Users/davidmiranda/.yarn/bin:/Users/davidmiranda/.config/yarn/global/node_modules/.bin:/Users/davidmiranda/.nvm/versions/node/v6.10.0/bin:/Users/davidmiranda/.rvm/gems/ruby-2.5.1/bin:/Users/davidmiranda/.rvm/gems/ruby-2.5.1@global/bin:/Users/davidmiranda/.rvm/rubies/ruby-2.5.1/bin:/usr/local/bin:/usr/bin:/bin:/usr/sbin:/sbin:/Users/davidmiranda/.rvm/bin:/Users/davidmiranda/.rvm/bin:/usr/local/php5/bin:/Users/davidmiranda/nodechef-cli:/Users/davidmiranda/.ngrok/bin:/usr/local/opt/qt@5.5/bin:/usr/local/opt/python/libexec/bin
10 verbose lifecycle task-fellow@1.0.0~dev: CWD: /Users/davidmiranda/GitHub/task-fellow
11 silly lifecycle task-fellow@1.0.0~dev: Args: [ '-c',
11 silly lifecycle   'concurrently --kill-others "livereload . -w 1000 -e html,njk,sass,css,js,png,gif,jpg" "nodemon server.js --watch ./ -e html,njk,sass,css,js,png,gif,jpg -q" "parcel public/index.js --out-dir ./public/dist --no-hmr"' ]
12 silly lifecycle task-fellow@1.0.0~dev: Returned: code: 1  signal: null
13 info lifecycle task-fellow@1.0.0~dev: Failed to exec dev script
14 verbose stack Error: task-fellow@1.0.0 dev: `concurrently --kill-others "livereload . -w 1000 -e html,njk,sass,css,js,png,gif,jpg" "nodemon server.js --watch ./ -e html,njk,sass,css,js,png,gif,jpg -q" "parcel public/index.js --out-dir ./public/dist --no-hmr"`
14 verbose stack Exit status 1
14 verbose stack     at EventEmitter.<anonymous> (/Users/davidmiranda/.nvm/versions/node/v6.10.0/lib/node_modules/npm/lib/utils/lifecycle.js:255:16)
14 verbose stack     at emitTwo (events.js:106:13)
14 verbose stack     at EventEmitter.emit (events.js:191:7)
14 verbose stack     at ChildProcess.<anonymous> (/Users/davidmiranda/.nvm/versions/node/v6.10.0/lib/node_modules/npm/lib/utils/spawn.js:40:14)
14 verbose stack     at emitTwo (events.js:106:13)
14 verbose stack     at ChildProcess.emit (events.js:191:7)
14 verbose stack     at maybeClose (internal/child_process.js:877:16)
14 verbose stack     at Process.ChildProcess._handle.onexit (internal/child_process.js:226:5)
15 verbose pkgid task-fellow@1.0.0
16 verbose cwd /Users/davidmiranda/GitHub/task-fellow
17 error Darwin 18.6.0
18 error argv "/Users/davidmiranda/.nvm/versions/node/v6.10.0/bin/node" "/Users/davidmiranda/.nvm/versions/node/v6.10.0/bin/npm" "run" "dev"
19 error node v6.10.0
20 error npm  v3.10.10
21 error code ELIFECYCLE
22 error task-fellow@1.0.0 dev: `concurrently --kill-others "livereload . -w 1000 -e html,njk,sass,css,js,png,gif,jpg" "nodemon server.js --watch ./ -e html,njk,sass,css,js,png,gif,jpg -q" "parcel public/index.js --out-dir ./public/dist --no-hmr"`
22 error Exit status 1
23 error Failed at the task-fellow@1.0.0 dev script 'concurrently --kill-others "livereload . -w 1000 -e html,njk,sass,css,js,png,gif,jpg" "nodemon server.js --watch ./ -e html,njk,sass,css,js,png,gif,jpg -q" "parcel public/index.js --out-dir ./public/dist --no-hmr"'.
23 error Make sure you have the latest version of node.js and npm installed.
23 error If you do, this is most likely a problem with the task-fellow package,
23 error not with npm itself.
23 error Tell the author that this fails on your system:
23 error     concurrently --kill-others "livereload . -w 1000 -e html,njk,sass,css,js,png,gif,jpg" "nodemon server.js --watch ./ -e html,njk,sass,css,js,png,gif,jpg -q" "parcel public/index.js --out-dir ./public/dist --no-hmr"
23 error You can get information on how to open an issue for this project with:
23 error     npm bugs task-fellow
23 error Or if that isn't available, you can get their info via:
23 error     npm owner ls task-fellow
23 error There is likely additional logging output above.
24 verbose exit [ 1, true ]
